The system is: Darwin - 16.6.0 - x86_64
Compiling the C compiler identification source file "CMakeCCompilerId.c" succeeded.
Compiler: /Applications/Xcode.app/Contents/Developer/Toolchains/XcodeDefault.xctoolchain/usr/bin/cc 
Build flags: 
Id flags:  

The output was:
0


Compilation of the C compiler identification source "CMakeCCompilerId.c" produced "a.out"

The C compiler identification is AppleClang, found in "/Users/musabaloyi/Practice/cmake-tutorials/project1/CMakeFiles/3.9.20170618-ge10c9/CompilerIdC/a.out"

Determining if the C compiler works passed with the following output:
Change Dir: /Users/musabaloyi/Practice/cmake-tutorials/project1/CMakeFiles/CMakeTmp

Run Build Command:"/usr/local/bin/make" "cmTC_d5015/fast"
/usr/local/bin/make -f CMakeFiles/cmTC_d5015.dir/build.make CMakeFiles/cmTC_d5015.dir/build
make[1]: Entering directory '/Users/musabaloyi/Practice/cmake-tutorials/project1/CMakeFiles/CMakeTmp'
Building C object CMakeFiles/cmTC_d5015.dir/testCCompiler.c.o
/Applications/Xcode.app/Contents/Developer/Toolchains/XcodeDefault.xctoolchain/usr/bin/cc    -o CMakeFiles/cmTC_d5015.dir/testCCompiler.c.o   -c /Users/musabaloyi/Practice/cmake-tutorials/project1/CMakeFiles/CMakeTmp/testCCompiler.c
Linking C executable cmTC_d5015
/usr/local/bin/cmake -E cmake_link_script CMakeFiles/cmTC_d5015.dir/link.txt --verbose=1
/Applications/Xcode.app/Contents/Developer/Toolchains/XcodeDefault.xctoolchain/usr/bin/cc   -Wl,-search_paths_first -Wl,-headerpad_max_install_names   CMakeFiles/cmTC_d5015.dir/testCCompiler.c.o  -o cmTC_d5015 
make[1]: Leaving directory '/Users/musabaloyi/Practice/cmake-tutorials/project1/CMakeFiles/CMakeTmp'


Detecting C compiler ABI info compiled with the following output:
Change Dir: /Users/musabaloyi/Practice/cmake-tutorials/project1/CMakeFiles/CMakeTmp

Run Build Command:"/usr/local/bin/make" "cmTC_b7876/fast"
/usr/local/bin/make -f CMakeFiles/cmTC_b7876.dir/build.make CMakeFiles/cmTC_b7876.dir/build
make[1]: Entering directory '/Users/musabaloyi/Practice/cmake-tutorials/project1/CMakeFiles/CMakeTmp'
Building C object CMakeFiles/cmTC_b7876.dir/CMakeCCompilerABI.c.o
/Applications/Xcode.app/Contents/Developer/Toolchains/XcodeDefault.xctoolchain/usr/bin/cc    -o CMakeFiles/cmTC_b7876.dir/CMakeCCompilerABI.c.o   -c /usr/local/share/cmake-3.9/Modules/CMakeCCompilerABI.c
Linking C executable cmTC_b7876
/usr/local/bin/cmake -E cmake_link_script CMakeFiles/cmTC_b7876.dir/link.txt --verbose=1
/Applications/Xcode.app/Contents/Developer/Toolchains/XcodeDefault.xctoolchain/usr/bin/cc   -Wl,-search_paths_first -Wl,-headerpad_max_install_names  -v -Wl,-v CMakeFiles/cmTC_b7876.dir/CMakeCCompilerABI.c.o  -o cmTC_b7876 
Apple LLVM version 8.1.0 (clang-802.0.42)
Target: x86_64-apple-darwin16.6.0
Thread model: posix
InstalledDir: /Applications/Xcode.app/Contents/Developer/Toolchains/XcodeDefault.xctoolchain/usr/bin
 "/Applications/Xcode.app/Contents/Developer/Toolchains/XcodeDefault.xctoolchain/usr/bin/ld" -demangle -lto_library /Applications/Xcode.app/Contents/Developer/Toolchains/XcodeDefault.xctoolchain/usr/lib/libLTO.dylib -dynamic -arch x86_64 -macosx_version_min 10.12.0 -o cmTC_b7876 -search_paths_first -headerpad_max_install_names -v CMakeFiles/cmTC_b7876.dir/CMakeCCompilerABI.c.o -lSystem /Applications/Xcode.app/Contents/Developer/Toolchains/XcodeDefault.xctoolchain/usr/bin/../lib/clang/8.1.0/lib/darwin/libclang_rt.osx.a
@(#)PROGRAM:ld  PROJECT:ld64-278.4
configured to support archs: armv6 armv7 armv7s arm64 i386 x86_64 x86_64h armv6m armv7k armv7m armv7em (tvOS)
Library search paths:
	/usr/lib
	/usr/local/lib
Framework search paths:
	/Library/Frameworks/
	/System/Library/Frameworks/
make[1]: Leaving directory '/Users/musabaloyi/Practice/cmake-tutorials/project1/CMakeFiles/CMakeTmp'


Parsed C implicit link information from above output:
  link line regex: [^( *|.*[/\])(ld|CMAKE_LINK_STARTFILE-NOTFOUND|([^/\]+-)?ld|collect2)[^/\]*( |$)]
  ignore line: [Change Dir: /Users/musabaloyi/Practice/cmake-tutorials/project1/CMakeFiles/CMakeTmp]
  ignore line: []
  ignore line: [Run Build Command:"/usr/local/bin/make" "cmTC_b7876/fast"]
  ignore line: [/usr/local/bin/make -f CMakeFiles/cmTC_b7876.dir/build.make CMakeFiles/cmTC_b7876.dir/build]
  ignore line: [make[1]: Entering directory '/Users/musabaloyi/Practice/cmake-tutorials/project1/CMakeFiles/CMakeTmp']
  ignore line: [Building C object CMakeFiles/cmTC_b7876.dir/CMakeCCompilerABI.c.o]
  ignore line: [/Applications/Xcode.app/Contents/Developer/Toolchains/XcodeDefault.xctoolchain/usr/bin/cc    -o CMakeFiles/cmTC_b7876.dir/CMakeCCompilerABI.c.o   -c /usr/local/share/cmake-3.9/Modules/CMakeCCompilerABI.c]
  ignore line: [Linking C executable cmTC_b7876]
  ignore line: [/usr/local/bin/cmake -E cmake_link_script CMakeFiles/cmTC_b7876.dir/link.txt --verbose=1]
  ignore line: [/Applications/Xcode.app/Contents/Developer/Toolchains/XcodeDefault.xctoolchain/usr/bin/cc   -Wl,-search_paths_first -Wl,-headerpad_max_install_names  -v -Wl,-v CMakeFiles/cmTC_b7876.dir/CMakeCCompilerABI.c.o  -o cmTC_b7876 ]
  ignore line: [Apple LLVM version 8.1.0 (clang-802.0.42)]
  ignore line: [Target: x86_64-apple-darwin16.6.0]
  ignore line: [Thread model: posix]
  ignore line: [InstalledDir: /Applications/Xcode.app/Contents/Developer/Toolchains/XcodeDefault.xctoolchain/usr/bin]
  link line: [ "/Applications/Xcode.app/Contents/Developer/Toolchains/XcodeDefault.xctoolchain/usr/bin/ld" -demangle -lto_library /Applications/Xcode.app/Contents/Developer/Toolchains/XcodeDefault.xctoolchain/usr/lib/libLTO.dylib -dynamic -arch x86_64 -macosx_version_min 10.12.0 -o cmTC_b7876 -search_paths_first -headerpad_max_install_names -v CMakeFiles/cmTC_b7876.dir/CMakeCCompilerABI.c.o -lSystem /Applications/Xcode.app/Contents/Developer/Toolchains/XcodeDefault.xctoolchain/usr/bin/../lib/clang/8.1.0/lib/darwin/libclang_rt.osx.a]
    arg [/Applications/Xcode.app/Contents/Developer/Toolchains/XcodeDefault.xctoolchain/usr/bin/ld] ==> ignore
    arg [-demangle] ==> ignore
    arg [-lto_library] ==> ignore, skip following value
    arg [/Applications/Xcode.app/Contents/Developer/Toolchains/XcodeDefault.xctoolchain/usr/lib/libLTO.dylib] ==> skip value of -lto_library
    arg [-dynamic] ==> ignore
    arg [-arch] ==> ignore
    arg [x86_64] ==> ignore
    arg [-macosx_version_min] ==> ignore
    arg [10.12.0] ==> ignore
    arg [-o] ==> ignore
    arg [cmTC_b7876] ==> ignore
    arg [-search_paths_first] ==> ignore
    arg [-headerpad_max_install_names] ==> ignore
    arg [-v] ==> ignore
    arg [CMakeFiles/cmTC_b7876.dir/CMakeCCompilerABI.c.o] ==> ignore
    arg [-lSystem] ==> lib [System]
    arg [/Applications/Xcode.app/Contents/Developer/Toolchains/XcodeDefault.xctoolchain/usr/bin/../lib/clang/8.1.0/lib/darwin/libclang_rt.osx.a] ==> lib [/Applications/Xcode.app/Contents/Developer/Toolchains/XcodeDefault.xctoolchain/usr/bin/../lib/clang/8.1.0/lib/darwin/libclang_rt.osx.a]
  Library search paths: [;/usr/lib;/usr/local/lib]
  Framework search paths: [;/Library/Frameworks/;/System/Library/Frameworks/]
  remove lib [System]
  remove lib [/Applications/Xcode.app/Contents/Developer/Toolchains/XcodeDefault.xctoolchain/usr/bin/../lib/clang/8.1.0/lib/darwin/libclang_rt.osx.a]
  collapse library dir [/usr/lib] ==> [/usr/lib]
  collapse library dir [/usr/local/lib] ==> [/usr/local/lib]
  collapse framework dir [/Library/Frameworks/] ==> [/Library/Frameworks]
  collapse framework dir [/System/Library/Frameworks/] ==> [/System/Library/Frameworks]
  implicit libs: []
  implicit dirs: [/usr/lib;/usr/local/lib]
  implicit fwks: [/Library/Frameworks;/System/Library/Frameworks]




Detecting C [-std=c11] compiler features compiled with the following output:
Change Dir: /Users/musabaloyi/Practice/cmake-tutorials/project1/CMakeFiles/CMakeTmp

Run Build Command:"/usr/local/bin/make" "cmTC_2ddf6/fast"
/usr/local/bin/make -f CMakeFiles/cmTC_2ddf6.dir/build.make CMakeFiles/cmTC_2ddf6.dir/build
make[1]: Entering directory '/Users/musabaloyi/Practice/cmake-tutorials/project1/CMakeFiles/CMakeTmp'
Building C object CMakeFiles/cmTC_2ddf6.dir/feature_tests.c.o
/Applications/Xcode.app/Contents/Developer/Toolchains/XcodeDefault.xctoolchain/usr/bin/cc   -std=c11 -o CMakeFiles/cmTC_2ddf6.dir/feature_tests.c.o   -c /Users/musabaloyi/Practice/cmake-tutorials/project1/CMakeFiles/feature_tests.c
Linking C executable cmTC_2ddf6
/usr/local/bin/cmake -E cmake_link_script CMakeFiles/cmTC_2ddf6.dir/link.txt --verbose=1
/Applications/Xcode.app/Contents/Developer/Toolchains/XcodeDefault.xctoolchain/usr/bin/cc   -Wl,-search_paths_first -Wl,-headerpad_max_install_names   CMakeFiles/cmTC_2ddf6.dir/feature_tests.c.o  -o cmTC_2ddf6 
make[1]: Leaving directory '/Users/musabaloyi/Practice/cmake-tutorials/project1/CMakeFiles/CMakeTmp'


    Feature record: C_FEATURE:1c_function_prototypes
    Feature record: C_FEATURE:1c_restrict
    Feature record: C_FEATURE:1c_static_assert
    Feature record: C_FEATURE:1c_variadic_macros


Detecting C [-std=c99] compiler features compiled with the following output:
Change Dir: /Users/musabaloyi/Practice/cmake-tutorials/project1/CMakeFiles/CMakeTmp

Run Build Command:"/usr/local/bin/make" "cmTC_9c8a9/fast"
/usr/local/bin/make -f CMakeFiles/cmTC_9c8a9.dir/build.make CMakeFiles/cmTC_9c8a9.dir/build
make[1]: Entering directory '/Users/musabaloyi/Practice/cmake-tutorials/project1/CMakeFiles/CMakeTmp'
Building C object CMakeFiles/cmTC_9c8a9.dir/feature_tests.c.o
/Applications/Xcode.app/Contents/Developer/Toolchains/XcodeDefault.xctoolchain/usr/bin/cc   -std=c99 -o CMakeFiles/cmTC_9c8a9.dir/feature_tests.c.o   -c /Users/musabaloyi/Practice/cmake-tutorials/project1/CMakeFiles/feature_tests.c
Linking C executable cmTC_9c8a9
/usr/local/bin/cmake -E cmake_link_script CMakeFiles/cmTC_9c8a9.dir/link.txt --verbose=1
/Applications/Xcode.app/Contents/Developer/Toolchains/XcodeDefault.xctoolchain/usr/bin/cc   -Wl,-search_paths_first -Wl,-headerpad_max_install_names   CMakeFiles/cmTC_9c8a9.dir/feature_tests.c.o  -o cmTC_9c8a9 
make[1]: Leaving directory '/Users/musabaloyi/Practice/cmake-tutorials/project1/CMakeFiles/CMakeTmp'


    Feature record: C_FEATURE:1c_function_prototypes
    Feature record: C_FEATURE:1c_restrict
    Feature record: C_FEATURE:0c_static_assert
    Feature record: C_FEATURE:1c_variadic_macros


Detecting C [-std=c90] compiler features compiled with the following output:
Change Dir: /Users/musabaloyi/Practice/cmake-tutorials/project1/CMakeFiles/CMakeTmp

Run Build Command:"/usr/local/bin/make" "cmTC_09386/fast"
/usr/local/bin/make -f CMakeFiles/cmTC_09386.dir/build.make CMakeFiles/cmTC_09386.dir/build
make[1]: Entering directory '/Users/musabaloyi/Practice/cmake-tutorials/project1/CMakeFiles/CMakeTmp'
Building C object CMakeFiles/cmTC_09386.dir/feature_tests.c.o
/Applications/Xcode.app/Contents/Developer/Toolchains/XcodeDefault.xctoolchain/usr/bin/cc   -std=c90 -o CMakeFiles/cmTC_09386.dir/feature_tests.c.o   -c /Users/musabaloyi/Practice/cmake-tutorials/project1/CMakeFiles/feature_tests.c
Linking C executable cmTC_09386
/usr/local/bin/cmake -E cmake_link_script CMakeFiles/cmTC_09386.dir/link.txt --verbose=1
/Applications/Xcode.app/Contents/Developer/Toolchains/XcodeDefault.xctoolchain/usr/bin/cc   -Wl,-search_paths_first -Wl,-headerpad_max_install_names   CMakeFiles/cmTC_09386.dir/feature_tests.c.o  -o cmTC_09386 
make[1]: Leaving directory '/Users/musabaloyi/Practice/cmake-tutorials/project1/CMakeFiles/CMakeTmp'


    Feature record: C_FEATURE:1c_function_prototypes
    Feature record: C_FEATURE:0c_restrict
    Feature record: C_FEATURE:0c_static_assert
    Feature record: C_FEATURE:0c_variadic_macros
